Starting worker at 127.0.0.1:2030
starting 4 threads...
 training_images=50000 training_labels=50000 test_images=10000 test_labels=10000
 training_images=50000 training_labels=50000 test_images=10000 test_labels=10000
 training_images=50000 training_labels=50000 test_images=10000 test_labels=10000
 training_images=50000 training_labels=50000 test_images=10000 test_labels=10000
thread 140022380566272, send size 1312, fitness nan (0.13)
thread 140022388958976, recv size 1312, fitness 0.13 (0.125)
thread 140022405744384, recv size 1312, fitness 0.13 (0.118)
thread 140022397351680, recv size 1312, fitness 0.13 (0.121)
thread 140022380566272, recv size 1312, fitness 0.13 (0.12)
thread 140022388958976, recv size 1312, fitness 0.13 (0.121)
thread 140022405744384, recv size 1312, fitness 0.13 (0.125)
thread 140022397351680, recv size 1312, fitness 0.13 (0.126)
thread 140022380566272, recv size 1312, fitness 0.13 (0.115)
thread 140022405744384, recv size 1312, fitness 0.13 (0.118)
thread 140022388958976, recv size 1312, fitness 0.13 (0.12)
thread 140022397351680, recv size 1312, fitness 0.13 (0.123)
thread 140022380566272, recv size 1312, fitness 0.13 (0.125)
thread 140022388958976, recv size 1312, fitness 0.13 (0.118)
thread 140022405744384, recv size 1312, fitness 0.13 (0.124)
thread 140022397351680, recv size 1312, fitness 0.13 (0.128)
thread 140022380566272, recv size 1312, fitness 0.13 (0.117)
thread 140022388958976, recv size 1312, fitness 0.13 (0.116)
thread 140022397351680, recv size 1312, fitness 0.13 (0.118)
thread 140022405744384, recv size 1312, fitness 0.13 (0.124)
Starting worker at 127.0.0.1:2030
starting 4 threads...
 training_images=50000 training_labels=50000 test_images=10000 test_labels=10000
thread 140427460069120, recv size 1312, fitness 0.13 (nan)
 training_images=50000 training_labels=50000 test_images=10000 test_labels=10000
thread 140427485247232, recv size 1312, fitness 0.13 (nan)
 training_images=50000 training_labels=50000 test_images=10000 test_labels=10000
thread 140427468461824, recv size 1312, fitness 0.13 (nan)
 training_images=50000 training_labels=50000 test_images=10000 test_labels=10000
thread 140427476854528, recv size 1312, fitness 0.13 (nan)
thread 140427460069120, send size 1312, fitness 0.13 (0.136)
thread 140427476854528, recv size 1312, fitness 0.136 (0.121)
thread 140427468461824, recv size 1312, fitness 0.136 (0.119)
thread 140427476854528, recv size 1312, fitness 0.136 (0.114)
thread 140427468461824, recv size 1312, fitness 0.136 (0.119)
thread 140427485247232, recv size 1312, fitness 0.136 (0.12)
thread 140427460069120, recv size 1312, fitness 0.136 (0.12)
thread 140427476854528, recv size 1312, fitness 0.136 (0.12)
thread 140427468461824, recv size 1312, fitness 0.136 (0.121)
thread 140427485247232, recv size 1312, fitness 0.136 (0.123)
thread 140427460069120, recv size 1312, fitness 0.136 (0.124)
thread 140427468461824, recv size 1312, fitness 0.136 (0.129)
thread 140427476854528, recv size 1312, fitness 0.136 (0.121)
thread 140427485247232, recv size 1312, fitness 0.136 (0.12)
thread 140427460069120, recv size 1312, fitness 0.136 (0.116)
thread 140427468461824, recv size 1312, fitness 0.136 (0.125)
thread 140427476854528, recv size 1312, fitness 0.136 (0.133)
thread 140427485247232, recv size 1312, fitness 0.136 (0.124)
thread 140427460069120, recv size 1312, fitness 0.136 (0.128)
thread 140427468461824, recv size 1312, fitness 0.136 (0.122)
thread 140427476854528, recv size 1312, fitness 0.136 (0.123)
thread 140427485247232, recv size 1312, fitness 0.136 (0.117)
thread 140427460069120, recv size 1312, fitness 0.136 (0.128)
thread 140427468461824, recv size 1312, fitness 0.136 (0.125)
thread 140427476854528, recv size 1312, fitness 0.136 (0.13)
thread 140427460069120, recv size 1312, fitness 0.136 (0.12)
thread 140427485247232, recv size 1312, fitness 0.136 (0.117)
thread 140427468461824, recv size 1312, fitness 0.136 (0.133)
thread 140427476854528, recv size 1312, fitness 0.136 (0.124)
thread 140427460069120, recv size 1312, fitness 0.136 (0.135)
thread 140427485247232, recv size 1312, fitness 0.136 (0.117)
thread 140427468461824, recv size 1312, fitness 0.136 (0.126)
thread 140427485247232, recv size 1312, fitness 0.136 (0.12)
thread 140427476854528, recv size 1312, fitness 0.136 (0.121)
thread 140427460069120, recv size 1312, fitness 0.136 (0.131)
thread 140427468461824, recv size 1312, fitness 0.136 (0.129)
thread 140427485247232, recv size 1312, fitness 0.136 (0.118)
thread 140427476854528, recv size 1312, fitness 0.136 (0.125)
thread 140427460069120, recv size 1312, fitness 0.136 (0.133)
thread 140427468461824, recv size 1312, fitness 0.136 (0.127)
thread 140427485247232, recv size 1312, fitness 0.136 (0.128)
thread 140427476854528, recv size 1312, fitness 0.136 (0.117)
thread 140427460069120, send size 3552, fitness 0.136 (0.147)
thread 140427468461824, recv size 3552, fitness 0.147 (0.123)
thread 140427476854528, recv size 3552, fitness 0.147 (0.121)
thread 140427485247232, recv size 3552, fitness 0.147 (0.117)
thread 140427460069120, recv size 3552, fitness 0.147 (0.146)
thread 140427468461824, send size 3552, fitness 0.147 (0.156)
thread 140427476854528, recv size 3552, fitness 0.156 (0.145)
thread 140427485247232, recv size 3552, fitness 0.156 (0.147)
thread 140427460069120, recv size 3552, fitness 0.156 (0.14)
thread 140427468461824, recv size 3552, fitness 0.156 (0.141)
thread 140427476854528, recv size 3552, fitness 0.156 (0.149)
thread 140427485247232, recv size 3552, fitness 0.156 (0.133)
thread 140427460069120, recv size 3552, fitness 0.156 (0.141)
thread 140427468461824, recv size 3552, fitness 0.156 (0.151)
thread 140427485247232, recv size 3552, fitness 0.156 (0.142)
thread 140427476854528, recv size 3552, fitness 0.156 (0.149)
thread 140427460069120, recv size 3552, fitness 0.156 (0.147)
thread 140427468461824, recv size 3552, fitness 0.156 (0.146)
thread 140427485247232, recv size 3552, fitness 0.156 (0.142)
thread 140427476854528, recv size 3552, fitness 0.156 (0.145)
thread 140427460069120, recv size 3552, fitness 0.156 (0.139)
thread 140427468461824, recv size 3552, fitness 0.156 (0.136)
thread 140427485247232, recv size 3552, fitness 0.156 (0.141)
thread 140427476854528, recv size 3552, fitness 0.156 (0.15)
thread 140427460069120, recv size 3552, fitness 0.156 (0.139)
thread 140427468461824, recv size 3552, fitness 0.156 (0.137)
thread 140427485247232, recv size 3552, fitness 0.156 (0.145)
thread 140427476854528, send size 3552, fitness 0.156 (0.16)
thread 140427460069120, recv size 3552, fitness 0.16 (0.138)
thread 140427468461824, recv size 3552, fitness 0.16 (0.139)
thread 140427485247232, recv size 3552, fitness 0.16 (0.138)
thread 140427476854528, recv size 3552, fitness 0.16 (0.155)
thread 140427460069120, recv size 3552, fitness 0.16 (0.147)
thread 140427468461824, send size 3552, fitness 0.16 (0.166)
thread 140427485247232, recv size 3552, fitness 0.166 (0.158)
thread 140427476854528, recv size 3552, fitness 0.166 (0.155)
thread 140427460069120, recv size 3552, fitness 0.166 (0.152)
thread 140427468461824, recv size 3552, fitness 0.166 (0.155)
thread 140427476854528, recv size 3552, fitness 0.166 (0.159)
thread 140427460069120, recv size 3552, fitness 0.166 (0.152)
thread 140427485247232, send size 3552, fitness 0.166 (0.168)
thread 140427468461824, recv size 3552, fitness 0.168 (0.162)
thread 140427476854528, recv size 3552, fitness 0.168 (0.159)
thread 140427460069120, recv size 3552, fitness 0.168 (0.158)
thread 140427485247232, send size 3552, fitness 0.168 (0.173)
thread 140427468461824, recv size 3552, fitness 0.173 (0.153)
thread 140427476854528, recv size 3552, fitness 0.173 (0.159)
thread 140427460069120, recv size 3552, fitness 0.173 (0.153)
thread 140427485247232, recv size 3552, fitness 0.173 (0.169)
thread 140427476854528, send size 3552, fitness 0.173 (0.174)
thread 140427468461824, recv size 3552, fitness 0.174 (0.165)
thread 140427460069120, recv size 3552, fitness 0.174 (0.164)
thread 140427485247232, recv size 3552, fitness 0.174 (0.168)
thread 140427468461824, recv size 3552, fitness 0.174 (0.168)
thread 140427476854528, recv size 3552, fitness 0.174 (0.172)
thread 140427460069120, send size 3552, fitness 0.174 (0.175)
thread 140427468461824, recv size 3552, fitness 0.175 (0.164)
thread 140427485247232, recv size 3552, fitness 0.175 (0.165)
thread 140427476854528, recv size 3552, fitness 0.175 (0.169)
thread 140427460069120, recv size 3552, fitness 0.175 (0.17)
thread 140427468461824, recv size 3552, fitness 0.175 (0.168)
thread 140427485247232, recv size 3552, fitness 0.175 (0.171)
thread 140427476854528, recv size 3552, fitness 0.175 (0.162)
thread 140427460069120, send size 3552, fitness 0.175 (0.179)
thread 140427468461824, recv size 3552, fitness 0.179 (0.169)
thread 140427485247232, recv size 3552, fitness 0.179 (0.172)
thread 140427476854528, recv size 3552, fitness 0.179 (0.168)
thread 140427460069120, recv size 3552, fitness 0.179 (0.178)
thread 140427485247232, recv size 3552, fitness 0.179 (0.178)
thread 140427468461824, recv size 3552, fitness 0.179 (0.165)
thread 140427476854528, send size 3552, fitness 0.179 (0.183)
thread 140427485247232, recv size 3552, fitness 0.183 (0.171)
thread 140427468461824, recv size 3552, fitness 0.183 (0.171)
thread 140427460069120, recv size 3552, fitness 0.183 (0.176)
thread 140427476854528, recv size 3552, fitness 0.183 (0.171)
thread 140427485247232, recv size 3552, fitness 0.183 (0.169)
thread 140427468461824, recv size 3552, fitness 0.183 (0.169)
thread 140427460069120, recv size 3552, fitness 0.183 (0.168)
thread 140427476854528, recv size 3552, fitness 0.183 (0.17)
thread 140427485247232, recv size 3552, fitness 0.183 (0.179)
thread 140427468461824, recv size 3552, fitness 0.183 (0.166)
thread 140427460069120, recv size 3552, fitness 0.183 (0.164)
thread 140427476854528, recv size 3552, fitness 0.183 (0.163)
thread 140427485247232, send size 3552, fitness 0.183 (0.196)
thread 140427468461824, recv size 3552, fitness 0.196 (0.172)
thread 140427460069120, recv size 3552, fitness 0.196 (0.176)
thread 140427476854528, recv size 3552, fitness 0.196 (0.162)
thread 140427485247232, recv size 3552, fitness 0.196 (0.193)
thread 140427460069120, recv size 3552, fitness 0.196 (0.176)
thread 140427468461824, recv size 3552, fitness 0.196 (0.184)
thread 140427476854528, recv size 3552, fitness 0.196 (0.191)
thread 140427485247232, send size 3552, fitness 0.196 (0.201)
thread 140427460069120, recv size 3552, fitness 0.201 (0.185)
thread 140427476854528, recv size 3552, fitness 0.201 (0.185)
thread 140427468461824, recv size 3552, fitness 0.201 (0.187)
thread 140427485247232, recv size 3552, fitness 0.201 (0.189)
thread 140427460069120, recv size 3552, fitness 0.201 (0.187)
thread 140427476854528, recv size 3552, fitness 0.201 (0.194)
thread 140427468461824, recv size 3552, fitness 0.201 (0.194)
thread 140427485247232, recv size 3552, fitness 0.201 (0.198)
thread 140427460069120, recv size 3552, fitness 0.201 (0.192)
thread 140427468461824, recv size 3552, fitness 0.201 (0.194)
thread 140427476854528, recv size 3552, fitness 0.201 (0.193)
thread 140427485247232, recv size 3552, fitness 0.201 (0.19)
thread 140427460069120, recv size 3552, fitness 0.201 (0.193)
thread 140427468461824, recv size 3552, fitness 0.201 (0.189)
thread 140427476854528, recv size 3552, fitness 0.201 (0.196)
thread 140427485247232, recv size 3552, fitness 0.201 (0.197)
thread 140427460069120, recv size 3552, fitness 0.201 (0.198)
thread 140427476854528, recv size 3552, fitness 0.201 (0.199)
thread 140427468461824, recv size 3552, fitness 0.201 (0.195)
thread 140427485247232, recv size 3552, fitness 0.201 (0.196)
thread 140427460069120, recv size 3552, fitness 0.201 (0.186)
thread 140427476854528, recv size 3552, fitness 0.201 (0.197)
thread 140427468461824, recv size 3552, fitness 0.201 (0.196)
thread 140427485247232, recv size 3552, fitness 0.201 (0.198)
thread 140427460069120, send size 3552, fitness 0.201 (0.204)
thread 140427476854528, recv size 3552, fitness 0.204 (0.191)
thread 140427468461824, recv size 3552, fitness 0.204 (0.196)
thread 140427485247232, recv size 3552, fitness 0.204 (0.184)
thread 140427460069120, recv size 3552, fitness 0.204 (0.184)
thread 140427476854528, recv size 3552, fitness 0.204 (0.186)
thread 140427468461824, recv size 3552, fitness 0.204 (0.19)
thread 140427485247232, recv size 3552, fitness 0.204 (0.196)
thread 140427460069120, recv size 3552, fitness 0.204 (0.184)
thread 140427476854528, recv size 3552, fitness 0.204 (0.199)
thread 140427468461824, recv size 3552, fitness 0.204 (0.194)
thread 140427485247232, recv size 3552, fitness 0.204 (0.193)
thread 140427460069120, recv size 3552, fitness 0.204 (0.187)
thread 140427476854528, recv size 3552, fitness 0.204 (0.19)
thread 140427468461824, recv size 3552, fitness 0.204 (0.199)
thread 140427485247232, recv size 3552, fitness 0.204 (0.196)
thread 140427476854528, recv size 3552, fitness 0.204 (0.19)
thread 140427460069120, recv size 3552, fitness 0.204 (0.198)
thread 140427468461824, recv size 3552, fitness 0.204 (0.2)
thread 140427485247232, send size 3552, fitness 0.204 (0.214)
thread 140427476854528, recv size 3552, fitness 0.214 (0.21)
thread 140427460069120, recv size 3552, fitness 0.214 (0.196)
thread 140427468461824, recv size 3552, fitness 0.214 (0.197)
thread 140427476854528, recv size 3552, fitness 0.214 (0.195)
thread 140427485247232, recv size 3552, fitness 0.214 (0.202)
thread 140427460069120, recv size 3552, fitness 0.214 (0.19)
thread 140427468461824, recv size 3552, fitness 0.214 (0.199)
thread 140427460069120, recv size 3552, fitness 0.214 (0.194)
thread 140427485247232, recv size 3552, fitness 0.214 (0.197)
thread 140427476854528, recv size 3552, fitness 0.214 (0.201)
thread 140427468461824, recv size 3552, fitness 0.214 (0.207)
thread 140427460069120, recv size 3552, fitness 0.214 (0.189)
thread 140427485247232, recv size 3552, fitness 0.214 (0.189)
thread 140427476854528, recv size 3552, fitness 0.214 (0.195)
thread 140427468461824, recv size 3552, fitness 0.214 (0.204)
thread 140427460069120, recv size 3552, fitness 0.214 (0.194)
thread 140427476854528, recv size 3552, fitness 0.214 (0.202)
thread 140427485247232, recv size 3552, fitness 0.214 (0.199)
thread 140427468461824, recv size 3552, fitness 0.214 (0.205)
thread 140427460069120, recv size 3552, fitness 0.214 (0.2)
thread 140427476854528, recv size 3552, fitness 0.214 (0.196)
thread 140427485247232, recv size 3552, fitness 0.214 (0.199)
thread 140427468461824, recv size 3552, fitness 0.214 (0.205)
thread 140427460069120, recv size 3552, fitness 0.214 (0.206)
thread 140427476854528, recv size 3552, fitness 0.214 (0.199)
thread 140427485247232, recv size 3552, fitness 0.214 (0.2)
thread 140427460069120, recv size 3552, fitness 0.214 (0.205)
thread 140427476854528, recv size 3552, fitness 0.214 (0.197)
thread 140427485247232, recv size 3552, fitness 0.214 (0.205)
thread 140427460069120, recv size 3552, fitness 0.214 (0.196)
thread 140427476854528, recv size 3552, fitness 0.214 (0.198)
thread 140427485247232, recv size 3552, fitness 0.214 (0.199)
thread 140427468461824, recv size 3552, fitness 0.214 (0.208)
thread 140427460069120, recv size 3552, fitness 0.214 (0.201)
thread 140427485247232, recv size 3552, fitness 0.214 (0.2)
thread 140427476854528, recv size 3552, fitness 0.214 (0.202)
thread 140427468461824, recv size 3552, fitness 0.214 (0.206)
thread 140427460069120, recv size 3552, fitness 0.214 (0.19)
thread 140427485247232, recv size 3552, fitness 0.214 (0.19)
thread 140427476854528, recv size 3552, fitness 0.214 (0.198)
thread 140427468461824, recv size 3552, fitness 0.214 (0.201)
thread 140427460069120, recv size 3552, fitness 0.214 (0.203)
thread 140427485247232, recv size 3552, fitness 0.214 (0.192)
thread 140427476854528, recv size 3552, fitness 0.214 (0.196)
thread 140427468461824, recv size 3552, fitness 0.214 (0.203)
thread 140427460069120, recv size 3552, fitness 0.214 (0.195)
thread 140427485247232, recv size 3552, fitness 0.214 (0.203)
thread 140427476854528, recv size 3552, fitness 0.214 (0.196)
thread 140427468461824, recv size 3552, fitness 0.214 (0.199)
thread 140427460069120, recv size 3552, fitness 0.214 (0.202)
thread 140427485247232, recv size 3552, fitness 0.214 (0.205)
thread 140427476854528, recv size 3552, fitness 0.214 (0.199)
thread 140427468461824, recv size 3552, fitness 0.214 (0.196)
thread 140427460069120, recv size 3552, fitness 0.214 (0.195)
thread 140427485247232, recv size 3552, fitness 0.214 (0.198)
thread 140427476854528, recv size 3552, fitness 0.214 (0.192)
thread 140427468461824, recv size 3552, fitness 0.214 (0.198)
thread 140427460069120, recv size 3552, fitness 0.214 (0.19)
thread 140427485247232, recv size 3552, fitness 0.214 (0.212)
thread 140427476854528, recv size 3552, fitness 0.214 (0.194)
thread 140427468461824, recv size 3552, fitness 0.214 (0.199)
thread 140427460069120, recv size 3552, fitness 0.214 (0.19)
thread 140427485247232, recv size 3552, fitness 0.214 (0.199)
thread 140427476854528, recv size 3552, fitness 0.214 (0.197)
thread 140427468461824, recv size 3552, fitness 0.214 (0.204)
thread 140427460069120, recv size 3552, fitness 0.214 (0.199)
thread 140427485247232, recv size 3552, fitness 0.214 (0.191)
thread 140427476854528, recv size 3552, fitness 0.214 (0.198)
thread 140427468461824, recv size 3552, fitness 0.214 (0.213)
thread 140427460069120, recv size 3552, fitness 0.214 (0.199)
thread 140427485247232, recv size 3552, fitness 0.214 (0.191)
thread 140427476854528, recv size 3552, fitness 0.214 (0.206)
thread 140427468461824, recv size 3552, fitness 0.214 (0.205)
thread 140427460069120, recv size 3552, fitness 0.214 (0.202)
thread 140427485247232, recv size 3552, fitness 0.214 (0.206)
thread 140427476854528, recv size 3552, fitness 0.214 (0.201)
thread 140427468461824, recv size 3552, fitness 0.214 (0.212)
thread 140427460069120, recv size 3552, fitness 0.214 (0.192)
thread 140427485247232, recv size 3552, fitness 0.214 (0.205)
thread 140427476854528, recv size 3552, fitness 0.214 (0.194)
thread 140427468461824, recv size 3552, fitness 0.214 (0.2)
thread 140427485247232, recv size 3552, fitness 0.214 (0.199)
thread 140427460069120, recv size 3552, fitness 0.214 (0.206)
thread 140427476854528, recv size 3552, fitness 0.214 (0.206)
thread 140427468461824, recv size 3552, fitness 0.214 (0.2)
thread 140427485247232, recv size 3552, fitness 0.214 (0.192)
thread 140427460069120, recv size 3552, fitness 0.214 (0.201)
thread 140427476854528, recv size 3552, fitness 0.214 (0.197)
thread 140427468461824, recv size 3552, fitness 0.214 (0.203)
thread 140427460069120, recv size 3552, fitness 0.214 (0.201)
thread 140427485247232, recv size 3552, fitness 0.214 (0.19)
thread 140427476854528, recv size 3552, fitness 0.214 (0.205)
thread 140427468461824, recv size 3552, fitness 0.214 (0.197)
thread 140427460069120, recv size 3552, fitness 0.214 (0.204)
thread 140427485247232, recv size 3552, fitness 0.214 (0.2)
thread 140427476854528, recv size 3552, fitness 0.214 (0.192)
thread 140427468461824, recv size 3552, fitness 0.214 (0.209)
thread 140427460069120, recv size 3552, fitness 0.214 (0.194)
thread 140427485247232, recv size 3552, fitness 0.214 (0.21)
thread 140427476854528, recv size 3552, fitness 0.214 (0.196)
thread 140427468461824, recv size 3552, fitness 0.214 (0.204)
thread 140427460069120, recv size 3552, fitness 0.214 (0.2)
thread 140427485247232, recv size 3552, fitness 0.214 (0.2)
thread 140427476854528, recv size 3552, fitness 0.214 (0.191)
thread 140427468461824, recv size 3552, fitness 0.214 (0.208)
thread 140427460069120, recv size 3552, fitness 0.214 (0.199)
thread 140427485247232, recv size 3552, fitness 0.214 (0.196)
thread 140427476854528, recv size 3552, fitness 0.214 (0.191)
thread 140427468461824, send size 3552, fitness 0.214 (0.215)
thread 140427460069120, recv size 3552, fitness 0.215 (0.2)
thread 140427485247232, recv size 3552, fitness 0.215 (0.202)
thread 140427476854528, recv size 3552, fitness 0.215 (0.202)
thread 140427468461824, recv size 3552, fitness 0.215 (0.207)
thread 140427460069120, recv size 3552, fitness 0.215 (0.205)
thread 140427485247232, recv size 3552, fitness 0.215 (0.202)
thread 140427468461824, recv size 3552, fitness 0.215 (0.202)
thread 140427460069120, recv size 3552, fitness 0.215 (0.2)
thread 140427485247232, recv size 3552, fitness 0.215 (0.196)
thread 140427476854528, recv size 3552, fitness 0.215 (0.203)
thread 140427468461824, recv size 3552, fitness 0.215 (0.198)
thread 140427485247232, recv size 3552, fitness 0.215 (0.199)
thread 140427460069120, recv size 3552, fitness 0.215 (0.213)
thread 140427476854528, recv size 3552, fitness 0.215 (0.205)
thread 140427468461824, recv size 3552, fitness 0.215 (0.201)
thread 140427485247232, recv size 3552, fitness 0.215 (0.204)
thread 140427460069120, recv size 3552, fitness 0.215 (0.211)
thread 140427476854528, recv size 3552, fitness 0.215 (0.195)
thread 140427468461824, recv size 3552, fitness 0.215 (0.201)
thread 140427485247232, recv size 3552, fitness 0.215 (0.211)
thread 140427460069120, recv size 3552, fitness 0.215 (0.21)
thread 140427476854528, recv size 3552, fitness 0.215 (0.199)
thread 140427468461824, recv size 3552, fitness 0.215 (0.21)
thread 140427485247232, recv size 3552, fitness 0.215 (0.213)
thread 140427460069120, recv size 3552, fitness 0.215 (0.201)
thread 140427476854528, recv size 3552, fitness 0.215 (0.205)
thread 140427468461824, recv size 3552, fitness 0.215 (0.209)
thread 140427485247232, recv size 3552, fitness 0.215 (0.2)
thread 140427460069120, recv size 3552, fitness 0.215 (0.206)
thread 140427476854528, recv size 3552, fitness 0.215 (0.203)
thread 140427468461824, recv size 3552, fitness 0.215 (0.199)
thread 140427485247232, send size 3552, fitness 0.215 (0.216)
thread 140427460069120, recv size 3552, fitness 0.216 (0.202)
thread 140427476854528, recv size 3552, fitness 0.216 (0.208)
thread 140427468461824, recv size 3552, fitness 0.216 (0.205)
thread 140427485247232, send size 3552, fitness 0.216 (0.22)
thread 140427460069120, recv size 3552, fitness 0.22 (0.207)
thread 140427476854528, recv size 3552, fitness 0.22 (0.217)
thread 140427468461824, recv size 3552, fitness 0.22 (0.204)
thread 140427485247232, recv size 3552, fitness 0.22 (0.21)
thread 140427460069120, recv size 3552, fitness 0.22 (0.206)
thread 140427476854528, recv size 3552, fitness 0.22 (0.206)
thread 140427485247232, recv size 3552, fitness 0.22 (0.211)
thread 140427468461824, recv size 3552, fitness 0.22 (0.202)
thread 140427460069120, recv size 3552, fitness 0.22 (0.219)
thread 140427476854528, recv size 3552, fitness 0.22 (0.21)
thread 140427468461824, recv size 3552, fitness 0.22 (0.207)
thread 140427485247232, recv size 3552, fitness 0.22 (0.203)
thread 140427460069120, recv size 3552, fitness 0.22 (0.206)
thread 140427476854528, recv size 3552, fitness 0.22 (0.204)
thread 140427468461824, recv size 3552, fitness 0.22 (0.21)
thread 140427485247232, recv size 3552, fitness 0.22 (0.205)
thread 140427460069120, recv size 3552, fitness 0.22 (0.198)
thread 140427476854528, recv size 3552, fitness 0.22 (0.206)
thread 140427468461824, recv size 3552, fitness 0.22 (0.202)
thread 140427485247232, recv size 3552, fitness 0.22 (0.206)
thread 140427460069120, recv size 3552, fitness 0.22 (0.203)
thread 140427476854528, recv size 3552, fitness 0.22 (0.199)
thread 140427468461824, recv size 3552, fitness 0.22 (0.203)
thread 140427485247232, recv size 3552, fitness 0.22 (0.205)
thread 140427460069120, recv size 3552, fitness 0.22 (0.203)
thread 140427476854528, recv size 3552, fitness 0.22 (0.202)
thread 140427468461824, recv size 3552, fitness 0.22 (0.203)
thread 140427460069120, recv size 3552, fitness 0.22 (0.21)
thread 140427476854528, recv size 3552, fitness 0.22 (0.207)
thread 140427485247232, recv size 3552, fitness 0.22 (0.208)
thread 140427468461824, recv size 3552, fitness 0.22 (0.212)
thread 140427460069120, recv size 3552, fitness 0.22 (0.206)
thread 140427476854528, recv size 3552, fitness 0.22 (0.214)
thread 140427485247232, recv size 3552, fitness 0.22 (0.204)
thread 140427468461824, recv size 3552, fitness 0.22 (0.211)
thread 140427460069120, recv size 3552, fitness 0.22 (0.207)
thread 140427476854528, recv size 3552, fitness 0.22 (0.202)
thread 140427485247232, recv size 3552, fitness 0.22 (0.205)
thread 140427460069120, recv size 3552, fitness 0.22 (0.208)
thread 140427468461824, recv size 3552, fitness 0.22 (0.207)
thread 140427476854528, recv size 3552, fitness 0.22 (0.207)
thread 140427485247232, recv size 3552, fitness 0.22 (0.21)
thread 140427460069120, recv size 3552, fitness 0.22 (0.209)
thread 140427468461824, recv size 3552, fitness 0.22 (0.205)
thread 140427485247232, recv size 3552, fitness 0.22 (0.212)
thread 140427476854528, recv size 3552, fitness 0.22 (0.201)
thread 140427460069120, recv size 3552, fitness 0.22 (0.201)
thread 140427468461824, recv size 3552, fitness 0.22 (0.201)
thread 140427485247232, recv size 3552, fitness 0.22 (0.219)
thread 140427476854528, recv size 3552, fitness 0.22 (0.21)
thread 140427460069120, recv size 3552, fitness 0.22 (0.205)
thread 140427468461824, recv size 3552, fitness 0.22 (0.206)
thread 140427485247232, recv size 3552, fitness 0.22 (0.205)
thread 140427476854528, recv size 3552, fitness 0.22 (0.21)
thread 140427460069120, recv size 3552, fitness 0.22 (0.209)
thread 140427468461824, recv size 3552, fitness 0.22 (0.206)
thread 140427485247232, recv size 3552, fitness 0.22 (0.209)
thread 140427476854528, recv size 3552, fitness 0.22 (0.209)
thread 140427460069120, recv size 3552, fitness 0.22 (0.207)
thread 140427468461824, recv size 3552, fitness 0.22 (0.207)
thread 140427485247232, recv size 3552, fitness 0.22 (0.204)
thread 140427476854528, recv size 3552, fitness 0.22 (0.2)
thread 140427460069120, recv size 3552, fitness 0.22 (0.217)
thread 140427468461824, recv size 3552, fitness 0.22 (0.206)
thread 140427485247232, recv size 3552, fitness 0.22 (0.2)
thread 140427476854528, recv size 3552, fitness 0.22 (0.207)
thread 140427460069120, recv size 3552, fitness 0.22 (0.208)
thread 140427468461824, recv size 3552, fitness 0.22 (0.212)
thread 140427485247232, recv size 3552, fitness 0.22 (0.213)
thread 140427476854528, recv size 3552, fitness 0.22 (0.205)
thread 140427460069120, recv size 3552, fitness 0.22 (0.206)
thread 140427468461824, recv size 3552, fitness 0.22 (0.206)
thread 140427485247232, recv size 3552, fitness 0.22 (0.208)
thread 140427476854528, recv size 3552, fitness 0.22 (0.204)
thread 140427460069120, recv size 3552, fitness 0.22 (0.205)
thread 140427468461824, recv size 3552, fitness 0.22 (0.212)
thread 140427485247232, recv size 3552, fitness 0.22 (0.201)
thread 140427476854528, recv size 3552, fitness 0.22 (0.202)
thread 140427460069120, recv size 3552, fitness 0.22 (0.198)
thread 140427468461824, recv size 3552, fitness 0.22 (0.203)
thread 140427485247232, recv size 3552, fitness 0.22 (0.197)
thread 140427460069120, recv size 3552, fitness 0.22 (0.209)
thread 140427476854528, recv size 3552, fitness 0.22 (0.2)
thread 140427468461824, recv size 3552, fitness 0.22 (0.208)
thread 140427485247232, recv size 3552, fitness 0.22 (0.213)
thread 140427476854528, recv size 3552, fitness 0.22 (0.209)
thread 140427460069120, recv size 3552, fitness 0.22 (0.208)
thread 140427468461824, recv size 3552, fitness 0.22 (0.214)
thread 140427485247232, recv size 3552, fitness 0.22 (0.211)
./start.sh: line 5: ./build/eagle: No such file or directory
Starting worker at 127.0.0.1:2030
starting 4 threads...
 training_images=60000 training_labels=60000 test_images=10000 test_labels=10000
 training_images=60000 training_labels=60000 test_images=10000 test_labels=10000
 training_images=60000 training_labels=60000 test_images=10000 test_labels=10000
 training_images=60000 training_labels=60000 test_images=10000 test_labels=10000
thread 139660572514048, send size 1056, fitness nan (0.122)
thread 139660555728640, send size 1056, fitness 0.122 (0.123)
thread 139660564121344, send size 1056, fitness 0.123 (0.126)
thread 139660547335936, recv size 1056, fitness 0.126 (0.119)
thread 139660555728640, recv size 1056, fitness 0.126 (0.116)
thread 139660547335936, recv size 1056, fitness 0.126 (0.121)
thread 139660572514048, send size 1056, fitness 0.126 (0.134)
thread 139660555728640, recv size 1056, fitness 0.134 (0.119)
thread 139660564121344, recv size 1056, fitness 0.134 (0.121)
thread 139660547335936, send size 1056, fitness 0.134 (0.135)
thread 139660572514048, send size 1056, fitness 0.135 (0.139)
thread 139660564121344, recv size 1056, fitness 0.139 (0.119)
thread 139660555728640, recv size 1056, fitness 0.139 (0.123)
thread 139660547335936, send size 1056, fitness 0.139 (0.143)
thread 139660572514048, recv size 1056, fitness 0.143 (0.136)
thread 139660564121344, recv size 1056, fitness 0.143 (0.136)
thread 139660555728640, recv size 1056, fitness 0.143 (0.126)
thread 139660547335936, recv size 1056, fitness 0.143 (0.138)
thread 139660564121344, recv size 1056, fitness 0.143 (0.126)
thread 139660572514048, recv size 1056, fitness 0.143 (0.134)
thread 139660555728640, recv size 1056, fitness 0.143 (0.124)
thread 139660547335936, recv size 1056, fitness 0.143 (0.134)
thread 139660564121344, recv size 1056, fitness 0.143 (0.141)
thread 139660572514048, send size 1056, fitness 0.143 (0.145)
thread 139660555728640, recv size 1056, fitness 0.145 (0.134)
thread 139660547335936, send size 1056, fitness 0.145 (0.153)
thread 139660564121344, recv size 1056, fitness 0.153 (0.136)
thread 139660572514048, recv size 1056, fitness 0.153 (0.147)
thread 139660547335936, recv size 1056, fitness 0.153 (0.147)
thread 139660555728640, recv size 1056, fitness 0.153 (0.133)
thread 139660564121344, recv size 1056, fitness 0.153 (0.143)
thread 139660572514048, recv size 1056, fitness 0.153 (0.142)
thread 139660555728640, recv size 1056, fitness 0.153 (0.138)
thread 139660547335936, send size 1056, fitness 0.153 (0.154)
thread 139660564121344, send size 1056, fitness 0.154 (0.168)
thread 139660572514048, recv size 1056, fitness 0.168 (0.148)
thread 139660555728640, recv size 1056, fitness 0.168 (0.135)
thread 139660547335936, recv size 1056, fitness 0.168 (0.156)
thread 139660564121344, recv size 1056, fitness 0.168 (0.166)
thread 139660572514048, recv size 1056, fitness 0.168 (0.157)
thread 139660555728640, recv size 1056, fitness 0.168 (0.141)
thread 139660547335936, recv size 1056, fitness 0.168 (0.158)
thread 139660564121344, recv size 1056, fitness 0.168 (0.167)
thread 139660572514048, recv size 1056, fitness 0.168 (0.158)
thread 139660547335936, recv size 1056, fitness 0.168 (0.162)
thread 139660555728640, recv size 1056, fitness 0.168 (0.149)
thread 139660564121344, recv size 1056, fitness 0.168 (0.164)
thread 139660572514048, send size 1056, fitness 0.168 (0.172)
thread 139660547335936, recv size 1056, fitness 0.172 (0.167)
thread 139660555728640, recv size 1056, fitness 0.172 (0.146)
thread 139660564121344, recv size 1056, fitness 0.172 (0.158)
thread 139660572514048, recv size 1056, fitness 0.172 (0.159)
thread 139660555728640, recv size 1056, fitness 0.172 (0.156)
thread 139660564121344, recv size 1056, fitness 0.172 (0.169)
thread 139660572514048, recv size 1056, fitness 0.172 (0.171)
thread 139660547335936, recv size 1056, fitness 0.172 (0.17)
thread 139660555728640, recv size 1056, fitness 0.172 (0.155)
thread 139660564121344, recv size 1056, fitness 0.172 (0.158)
thread 139660572514048, send size 1056, fitness 0.172 (0.175)
thread 139660547335936, send size 3040, fitness 0.175 (0.177)
thread 139660555728640, recv size 3040, fitness 0.177 (0.157)
thread 139660564121344, recv size 3040, fitness 0.177 (0.164)
thread 139660572514048, recv size 3040, fitness 0.177 (0.17)
thread 139660547335936, recv size 3040, fitness 0.177 (0.169)
thread 139660555728640, recv size 3040, fitness 0.177 (0.161)
thread 139660572514048, recv size 3040, fitness 0.177 (0.155)
thread 139660547335936, recv size 3040, fitness 0.177 (0.174)
thread 139660555728640, recv size 3040, fitness 0.177 (0.167)
thread 139660564121344, recv size 3040, fitness 0.177 (0.153)
thread 139660572514048, recv size 3040, fitness 0.177 (0.162)
thread 139660547335936, recv size 3040, fitness 0.177 (0.165)
thread 139660555728640, recv size 3040, fitness 0.177 (0.163)
thread 139660564121344, recv size 3040, fitness 0.177 (0.15)
thread 139660547335936, recv size 3040, fitness 0.177 (0.162)
thread 139660555728640, recv size 3040, fitness 0.177 (0.165)
thread 139660572514048, recv size 3040, fitness 0.177 (0.163)
thread 139660564121344, recv size 3040, fitness 0.177 (0.159)
thread 139660547335936, recv size 3040, fitness 0.177 (0.157)
thread 139660555728640, recv size 3040, fitness 0.177 (0.169)
thread 139660572514048, recv size 3040, fitness 0.177 (0.167)
thread 139660564121344, recv size 3040, fitness 0.177 (0.156)
thread 139660547335936, recv size 3040, fitness 0.177 (0.167)
thread 139660555728640, recv size 3040, fitness 0.177 (0.17)
thread 139660572514048, recv size 3040, fitness 0.177 (0.171)
thread 139660564121344, recv size 3040, fitness 0.177 (0.156)
thread 139660547335936, recv size 3040, fitness 0.177 (0.167)
thread 139660572514048, recv size 3040, fitness 0.177 (0.175)
thread 139660555728640, recv size 3040, fitness 0.177 (0.16)
thread 139660564121344, recv size 3040, fitness 0.177 (0.15)
thread 139660547335936, recv size 3040, fitness 0.177 (0.173)
thread 139660572514048, send size 1056, fitness 0.177 (0.179)
thread 139660555728640, recv size 1056, fitness 0.179 (0.155)
thread 139660564121344, recv size 1056, fitness 0.179 (0.172)
thread 139660547335936, send size 3040, fitness 0.179 (0.183)
thread 139660572514048, send size 1056, fitness 0.183 (0.189)
thread 139660555728640, recv size 1056, fitness 0.189 (0.163)
thread 139660564121344, recv size 1056, fitness 0.189 (0.158)
thread 139660572514048, send size 1056, fitness 0.189 (0.197)
thread 139660564121344, recv size 1056, fitness 0.197 (0.176)
thread 139660555728640, recv size 1056, fitness 0.197 (0.174)
thread 139660572514048, recv size 1056, fitness 0.197 (0.188)
thread 139660547335936, recv size 1056, fitness 0.197 (0.182)
thread 139660564121344, recv size 1056, fitness 0.197 (0.17)
thread 139660555728640, recv size 1056, fitness 0.197 (0.172)
thread 139660547335936, send size 3040, fitness 0.197 (0.198)
thread 139660564121344, recv size 3040, fitness 0.198 (0.167)
thread 139660572514048, recv size 3040, fitness 0.198 (0.19)
thread 139660547335936, send size 3040, fitness 0.198 (0.207)
thread 139660555728640, recv size 3040, fitness 0.207 (0.181)
thread 139660572514048, send size 1056, fitness 0.207 (0.208)
thread 139660564121344, recv size 1056, fitness 0.208 (0.19)
thread 139660547335936, recv size 1056, fitness 0.208 (0.2)
thread 139660555728640, recv size 1056, fitness 0.208 (0.171)
thread 139660572514048, recv size 1056, fitness 0.208 (0.205)
thread 139660564121344, recv size 1056, fitness 0.208 (0.179)
thread 139660547335936, send size 3040, fitness 0.208 (0.214)
thread 139660572514048, recv size 3040, fitness 0.214 (0.207)
thread 139660555728640, recv size 3040, fitness 0.214 (0.18)
thread 139660564121344, recv size 3040, fitness 0.214 (0.185)
thread 139660547335936, recv size 3040, fitness 0.214 (0.202)
thread 139660572514048, recv size 3040, fitness 0.214 (0.199)
thread 139660555728640, recv size 3040, fitness 0.214 (0.183)
thread 139660564121344, recv size 3040, fitness 0.214 (0.169)
thread 139660547335936, recv size 3040, fitness 0.214 (0.203)
thread 139660572514048, recv size 3040, fitness 0.214 (0.206)
thread 139660547335936, send size 3040, fitness 0.214 (0.218)
thread 139660564121344, recv size 3040, fitness 0.218 (0.187)
thread 139660555728640, recv size 3040, fitness 0.218 (0.185)
thread 139660572514048, recv size 3040, fitness 0.218 (0.194)
thread 139660547335936, send size 10080, fitness 0.218 (0.227)
thread 139660572514048, recv size 10080, fitness 0.227 (0.206)
thread 139660564121344, recv size 10080, fitness 0.227 (0.189)
thread 139660555728640, recv size 10080, fitness 0.227 (0.214)
thread 139660547335936, send size 10080, fitness 0.227 (0.228)
thread 139660572514048, send size 3040, fitness 0.228 (0.252)
thread 139660564121344, recv size 3040, fitness 0.252 (0.204)
thread 139660555728640, recv size 3040, fitness 0.252 (0.194)
thread 139660547335936, recv size 3040, fitness 0.252 (0.244)
thread 139660572514048, recv size 3040, fitness 0.252 (0.235)
thread 139660564121344, recv size 3040, fitness 0.252 (0.209)
thread 139660547335936, recv size 3040, fitness 0.252 (0.23)
thread 139660555728640, recv size 3040, fitness 0.252 (0.197)
thread 139660572514048, recv size 3040, fitness 0.252 (0.23)
thread 139660564121344, recv size 3040, fitness 0.252 (0.236)
thread 139660547335936, recv size 3040, fitness 0.252 (0.231)
thread 139660572514048, recv size 3040, fitness 0.252 (0.234)
thread 139660555728640, recv size 3040, fitness 0.252 (0.223)
thread 139660564121344, recv size 3040, fitness 0.252 (0.215)
thread 139660547335936, recv size 3040, fitness 0.252 (0.242)
thread 139660572514048, recv size 3040, fitness 0.252 (0.245)
thread 139660555728640, recv size 3040, fitness 0.252 (0.207)
thread 139660564121344, recv size 3040, fitness 0.252 (0.22)
thread 139660547335936, recv size 3040, fitness 0.252 (0.235)
thread 139660555728640, recv size 3040, fitness 0.252 (0.223)
thread 139660547335936, recv size 3040, fitness 0.252 (0.235)
thread 139660564121344, recv size 3040, fitness 0.252 (0.225)
thread 139660572514048, recv size 3040, fitness 0.252 (0.237)
thread 139660547335936, recv size 3040, fitness 0.252 (0.229)
thread 139660555728640, recv size 3040, fitness 0.252 (0.219)
thread 139660564121344, recv size 3040, fitness 0.252 (0.218)
thread 139660572514048, recv size 3040, fitness 0.252 (0.241)
thread 139660547335936, recv size 3040, fitness 0.252 (0.228)
thread 139660564121344, recv size 3040, fitness 0.252 (0.215)
thread 139660555728640, recv size 3040, fitness 0.252 (0.234)
thread 139660572514048, recv size 3040, fitness 0.252 (0.234)
thread 139660547335936, recv size 3040, fitness 0.252 (0.234)
thread 139660564121344, recv size 3040, fitness 0.252 (0.215)
thread 139660572514048, recv size 3040, fitness 0.252 (0.226)
thread 139660555728640, recv size 3040, fitness 0.252 (0.222)
thread 139660547335936, recv size 3040, fitness 0.252 (0.231)
thread 139660572514048, recv size 3040, fitness 0.252 (0.24)
thread 139660564121344, recv size 3040, fitness 0.252 (0.23)
thread 139660555728640, recv size 3040, fitness 0.252 (0.23)
thread 139660547335936, recv size 3040, fitness 0.252 (0.234)
thread 139660572514048, recv size 3040, fitness 0.252 (0.232)
thread 139660564121344, recv size 3040, fitness 0.252 (0.218)
thread 139660555728640, recv size 3040, fitness 0.252 (0.218)
thread 139660547335936, recv size 3040, fitness 0.252 (0.247)
thread 139660572514048, recv size 3040, fitness 0.252 (0.24)
thread 139660564121344, recv size 3040, fitness 0.252 (0.236)
thread 139660547335936, recv size 3040, fitness 0.252 (0.229)
thread 139660555728640, recv size 3040, fitness 0.252 (0.226)
thread 139660572514048, recv size 3040, fitness 0.252 (0.227)
thread 139660547335936, recv size 3040, fitness 0.252 (0.238)
thread 139660564121344, recv size 3040, fitness 0.252 (0.233)
thread 139660555728640, recv size 3040, fitness 0.252 (0.229)
thread 139660572514048, recv size 3040, fitness 0.252 (0.237)
thread 139660547335936, recv size 3040, fitness 0.252 (0.236)
thread 139660564121344, recv size 3040, fitness 0.252 (0.222)
thread 139660572514048, recv size 3040, fitness 0.252 (0.236)
thread 139660555728640, recv size 3040, fitness 0.252 (0.24)
thread 139660547335936, recv size 3040, fitness 0.252 (0.242)
thread 139660564121344, recv size 3040, fitness 0.252 (0.23)
thread 139660572514048, recv size 3040, fitness 0.252 (0.24)
thread 139660555728640, recv size 3040, fitness 0.252 (0.233)
thread 139660547335936, recv size 3040, fitness 0.252 (0.239)
thread 139660564121344, recv size 3040, fitness 0.252 (0.229)
thread 139660572514048, recv size 3040, fitness 0.252 (0.239)
thread 139660547335936, recv size 3040, fitness 0.252 (0.231)
thread 139660555728640, recv size 3040, fitness 0.252 (0.227)
thread 139660572514048, recv size 3040, fitness 0.252 (0.233)
thread 139660564121344, recv size 3040, fitness 0.252 (0.224)
thread 139660547335936, recv size 3040, fitness 0.252 (0.235)
thread 139660555728640, recv size 3040, fitness 0.252 (0.228)
thread 139660572514048, recv size 3040, fitness 0.252 (0.238)
thread 139660564121344, recv size 3040, fitness 0.252 (0.241)
thread 139660547335936, recv size 3040, fitness 0.252 (0.236)
thread 139660572514048, recv size 3040, fitness 0.252 (0.229)
thread 139660555728640, recv size 3040, fitness 0.252 (0.223)
thread 139660547335936, recv size 3040, fitness 0.252 (0.238)
thread 139660564121344, recv size 3040, fitness 0.252 (0.227)
thread 139660572514048, recv size 3040, fitness 0.252 (0.241)
thread 139660547335936, recv size 3040, fitness 0.252 (0.234)
thread 139660555728640, recv size 3040, fitness 0.252 (0.224)
thread 139660564121344, recv size 3040, fitness 0.252 (0.237)
thread 139660572514048, recv size 3040, fitness 0.252 (0.238)
thread 139660547335936, recv size 3040, fitness 0.252 (0.232)
thread 139660555728640, recv size 3040, fitness 0.252 (0.225)
thread 139660564121344, recv size 3040, fitness 0.252 (0.226)
thread 139660572514048, recv size 3040, fitness 0.252 (0.234)
thread 139660547335936, recv size 3040, fitness 0.252 (0.233)
thread 139660564121344, recv size 3040, fitness 0.252 (0.221)
thread 139660555728640, recv size 3040, fitness 0.252 (0.219)
thread 139660572514048, recv size 3040, fitness 0.252 (0.242)
thread 139660547335936, recv size 3040, fitness 0.252 (0.23)
thread 139660564121344, recv size 3040, fitness 0.252 (0.224)
thread 139660572514048, recv size 3040, fitness 0.252 (0.233)
thread 139660555728640, recv size 3040, fitness 0.252 (0.236)
thread 139660547335936, recv size 3040, fitness 0.252 (0.232)
thread 139660572514048, recv size 3040, fitness 0.252 (0.236)
thread 139660564121344, recv size 3040, fitness 0.252 (0.24)
thread 139660555728640, recv size 3040, fitness 0.252 (0.226)
thread 139660547335936, recv size 3040, fitness 0.252 (0.228)
thread 139660572514048, recv size 3040, fitness 0.252 (0.232)
thread 139660564121344, recv size 3040, fitness 0.252 (0.226)
thread 139660547335936, recv size 3040, fitness 0.252 (0.222)
thread 139660555728640, recv size 3040, fitness 0.252 (0.226)
thread 139660572514048, recv size 3040, fitness 0.252 (0.234)
thread 139660564121344, recv size 3040, fitness 0.252 (0.234)
thread 139660547335936, recv size 3040, fitness 0.252 (0.236)
thread 139660555728640, recv size 3040, fitness 0.252 (0.225)
thread 139660572514048, recv size 3040, fitness 0.252 (0.249)
thread 139660564121344, recv size 3040, fitness 0.252 (0.235)
thread 139660547335936, recv size 3040, fitness 0.252 (0.233)
thread 139660572514048, recv size 3040, fitness 0.252 (0.234)
thread 139660555728640, recv size 3040, fitness 0.252 (0.228)
thread 139660547335936, recv size 3040, fitness 0.252 (0.234)
thread 139660564121344, recv size 3040, fitness 0.252 (0.224)
thread 139660572514048, recv size 3040, fitness 0.252 (0.241)
thread 139660555728640, recv size 3040, fitness 0.252 (0.235)
thread 139660547335936, recv size 3040, fitness 0.252 (0.239)
thread 139660564121344, recv size 3040, fitness 0.252 (0.232)
thread 139660572514048, recv size 3040, fitness 0.252 (0.238)
thread 139660547335936, recv size 3040, fitness 0.252 (0.231)
thread 139660555728640, recv size 3040, fitness 0.252 (0.224)
thread 139660564121344, recv size 3040, fitness 0.252 (0.23)
thread 139660572514048, recv size 3040, fitness 0.252 (0.235)
thread 139660547335936, recv size 3040, fitness 0.252 (0.231)
thread 139660572514048, recv size 3040, fitness 0.252 (0.238)
thread 139660555728640, recv size 3040, fitness 0.252 (0.22)
thread 139660564121344, recv size 3040, fitness 0.252 (0.237)
thread 139660547335936, recv size 3040, fitness 0.252 (0.243)
thread 139660572514048, recv size 3040, fitness 0.252 (0.235)
thread 139660564121344, recv size 3040, fitness 0.252 (0.223)
thread 139660555728640, recv size 3040, fitness 0.252 (0.225)
thread 139660547335936, recv size 3040, fitness 0.252 (0.234)
thread 139660572514048, recv size 3040, fitness 0.252 (0.241)
thread 139660564121344, recv size 3040, fitness 0.252 (0.236)
thread 139660555728640, recv size 3040, fitness 0.252 (0.228)
thread 139660547335936, recv size 3040, fitness 0.252 (0.237)
thread 139660572514048, recv size 3040, fitness 0.252 (0.236)
thread 139660564121344, recv size 3040, fitness 0.252 (0.242)
thread 139660547335936, recv size 3040, fitness 0.252 (0.24)
thread 139660555728640, recv size 3040, fitness 0.252 (0.216)
thread 139660572514048, recv size 3040, fitness 0.252 (0.236)
thread 139660547335936, recv size 3040, fitness 0.252 (0.236)
thread 139660564121344, recv size 3040, fitness 0.252 (0.227)
thread 139660572514048, recv size 3040, fitness 0.252 (0.242)
thread 139660555728640, recv size 3040, fitness 0.252 (0.218)
thread 139660547335936, recv size 3040, fitness 0.252 (0.234)
thread 139660572514048, recv size 3040, fitness 0.252 (0.231)
thread 139660555728640, recv size 3040, fitness 0.252 (0.229)
thread 139660547335936, recv size 3040, fitness 0.252 (0.228)
thread 139660572514048, recv size 3040, fitness 0.252 (0.231)
thread 139660564121344, recv size 3040, fitness 0.252 (0.233)
thread 139660555728640, recv size 3040, fitness 0.252 (0.242)
thread 139660572514048, recv size 3040, fitness 0.252 (0.247)
thread 139660547335936, recv size 3040, fitness 0.252 (0.234)
thread 139660564121344, recv size 3040, fitness 0.252 (0.234)
thread 139660572514048, recv size 3040, fitness 0.252 (0.233)
thread 139660547335936, recv size 3040, fitness 0.252 (0.234)
thread 139660555728640, recv size 3040, fitness 0.252 (0.232)
thread 139660564121344, recv size 3040, fitness 0.252 (0.243)
thread 139660572514048, send size 10080, fitness 0.252 (0.26)
thread 139660547335936, recv size 10080, fitness 0.26 (0.236)
thread 139660564121344, recv size 10080, fitness 0.26 (0.235)
thread 139660555728640, recv size 10080, fitness 0.26 (0.231)
thread 139660572514048, recv size 10080, fitness 0.26 (0.237)
thread 139660547335936, recv size 10080, fitness 0.26 (0.225)
thread 139660564121344, recv size 10080, fitness 0.26 (0.226)
thread 139660555728640, recv size 10080, fitness 0.26 (0.23)
thread 139660572514048, recv size 10080, fitness 0.26 (0.236)
thread 139660547335936, recv size 10080, fitness 0.26 (0.233)
thread 139660564121344, recv size 10080, fitness 0.26 (0.238)
thread 139660555728640, recv size 10080, fitness 0.26 (0.232)
thread 139660572514048, recv size 10080, fitness 0.26 (0.246)
thread 139660547335936, recv size 10080, fitness 0.26 (0.237)
thread 139660564121344, recv size 10080, fitness 0.26 (0.246)
thread 139660547335936, recv size 10080, fitness 0.26 (0.234)
thread 139660572514048, recv size 10080, fitness 0.26 (0.232)
thread 139660555728640, recv size 10080, fitness 0.26 (0.219)
thread 139660564121344, recv size 10080, fitness 0.26 (0.238)
thread 139660547335936, recv size 10080, fitness 0.26 (0.232)
thread 139660572514048, recv size 10080, fitness 0.26 (0.24)
thread 139660564121344, recv size 10080, fitness 0.26 (0.241)
thread 139660555728640, recv size 10080, fitness 0.26 (0.232)
thread 139660547335936, recv size 10080, fitness 0.26 (0.242)
thread 139660572514048, recv size 10080, fitness 0.26 (0.232)
thread 139660564121344, recv size 10080, fitness 0.26 (0.237)
thread 139660555728640, recv size 10080, fitness 0.26 (0.232)
thread 139660547335936, recv size 10080, fitness 0.26 (0.236)
thread 139660572514048, recv size 10080, fitness 0.26 (0.238)
thread 139660564121344, recv size 10080, fitness 0.26 (0.235)
thread 139660547335936, recv size 10080, fitness 0.26 (0.234)
thread 139660555728640, recv size 10080, fitness 0.26 (0.241)
thread 139660572514048, recv size 10080, fitness 0.26 (0.233)
thread 139660564121344, recv size 10080, fitness 0.26 (0.239)
thread 139660547335936, recv size 10080, fitness 0.26 (0.24)
thread 139660572514048, recv size 10080, fitness 0.26 (0.239)
thread 139660555728640, recv size 10080, fitness 0.26 (0.219)
thread 139660564121344, recv size 10080, fitness 0.26 (0.237)
thread 139660547335936, recv size 10080, fitness 0.26 (0.237)
thread 139660572514048, recv size 10080, fitness 0.26 (0.234)
thread 139660564121344, recv size 10080, fitness 0.26 (0.232)
thread 139660555728640, recv size 10080, fitness 0.26 (0.215)
thread 139660547335936, recv size 10080, fitness 0.26 (0.234)
thread 139660572514048, recv size 10080, fitness 0.26 (0.24)
thread 139660564121344, recv size 10080, fitness 0.26 (0.239)
thread 139660547335936, recv size 10080, fitness 0.26 (0.239)
thread 139660555728640, recv size 10080, fitness 0.26 (0.229)
thread 139660572514048, recv size 10080, fitness 0.26 (0.246)
